2024-01-23 05:14:40.199 [info] Log level: Info
2024-01-23 05:14:40.199 [info] Validating found git in: "git"
2024-01-23 05:14:40.199 [info] Using git "2.43.0" from "git"
2024-01-23 05:14:40.199 [info] > git rev-parse --show-toplevel [3ms]
2024-01-23 05:14:40.199 [info] > git rev-parse --git-dir --git-common-dir [1ms]
2024-01-23 05:14:40.199 [info] Open repository: /home/git-katas-user/exercise
2024-01-23 05:14:40.199 [info] > git config --get commit.template [8ms]
2024-01-23 05:14:40.199 [info] No remotes found in the git config file.
2024-01-23 05:14:40.199 [info] > git for-each-ref --format=%(refname)%00%(upstream:short)%00%(objectname)%00%(upstream:track)%00%(upstream:remotename)%00%(upstream:remoteref) refs/heads/master refs/remotes/master [5ms]
2024-01-23 05:14:40.199 [info] > git status -z -uall [4ms]
2024-01-23 05:14:40.199 [info] > git config --get commit.template [1ms]
2024-01-23 05:14:40.199 [info] No remotes found in the git config file.
2024-01-23 05:14:40.199 [info] > git for-each-ref --format=%(refname)%00%(upstream:short)%00%(objectname)%00%(upstream:track)%00%(upstream:remotename)%00%(upstream:remoteref) refs/heads/master refs/remotes/master [4ms]
2024-01-23 05:14:40.199 [info] > git status -z -uall [13ms]
2024-01-23 05:14:40.765 [info] > git check-ignore -v -z --stdin [1ms]
2024-01-23 05:14:41.725 [info] > git check-ignore -v -z --stdin [1ms]
2024-01-23 05:14:51.039 [info] No remotes found in the git config file.
2024-01-23 05:14:51.040 [info] > git config --get commit.template [7ms]
2024-01-23 05:14:51.040 [info] > git for-each-ref --format=%(refname)%00%(upstream:short)%00%(objectname)%00%(upstream:track)%00%(upstream:remotename)%00%(upstream:remoteref) refs/heads/master refs/remotes/master [2ms]
2024-01-23 05:14:51.048 [info] > git status -z -uall [3ms]
2024-01-23 05:14:51.937 [info] > git check-ignore -v -z --stdin [1ms]
2024-01-23 05:15:17.694 [info] > git check-ignore -v -z --stdin [3ms]
2024-01-23 05:15:29.847 [info] > git config --get commit.template [2ms]
2024-01-23 05:15:29.852 [info] No remotes found in the git config file.
2024-01-23 05:15:29.853 [info] > git for-each-ref --format=%(refname)%00%(upstream:short)%00%(objectname)%00%(upstream:track)%00%(upstream:remotename)%00%(upstream:remoteref) refs/heads/master refs/remotes/master [1ms]
2024-01-23 05:15:29.860 [info] > git status -z -uall [1ms]
2024-01-23 05:16:01.583 [info] > git check-ignore -v -z --stdin [1ms]
