2024-01-23 05:17:11.811 [info] Extension host with pid 401 started
2024-01-23 05:17:11.829 [info] Lock '/home/git-katas-user/.local/share/code-server/User/workspaceStorage/-7bf826ed/vscode.lock': Lock acquired.
2024-01-23 05:17:11.955 [info] ExtensionService#_doActivateExtension vscode.git-base, startup: true, activationEvent: '*', root cause: vscode.git
2024-01-23 05:17:12.070 [info] ExtensionService#_doActivateExtension vscode.git, startup: true, activationEvent: '*'
2024-01-23 05:17:12.071 [info] ExtensionService#_doActivateExtension vscode.github, startup: true, activationEvent: '*'
2024-01-23 05:17:12.503 [info] Eager extensions activated
2024-01-23 05:17:12.504 [info] ExtensionService#_doActivateExtension vscode.debug-auto-launch, startup: false, activationEvent: 'onStartupFinished'
2024-01-23 05:17:12.504 [info] ExtensionService#_doActivateExtension vscode.merge-conflict, startup: false, activationEvent: 'onStartupFinished'
2024-01-23 05:17:13.366 [error] Error: Repository not initialized
	at M.db (/usr/lib/code-server/lib/vscode/extensions/git/dist/main.js:2:992836)
	at M.checkIgnore (/usr/lib/code-server/lib/vscode/extensions/git/dist/main.js:2:990451)
	at c.g (/usr/lib/code-server/lib/vscode/extensions/git/dist/main.js:2:872055)
	at Timeout._onTimeout (/usr/lib/code-server/lib/vscode/extensions/git/dist/main.js:2:875276)
	at listOnTimeout (node:internal/timers:569:17)
	at process.processTimers (node:internal/timers:512:7)
2024-01-23 05:17:13.366 [error] Error: Repository not initialized
	at M.db (/usr/lib/code-server/lib/vscode/extensions/git/dist/main.js:2:992836)
	at M.checkIgnore (/usr/lib/code-server/lib/vscode/extensions/git/dist/main.js:2:990451)
	at c.g (/usr/lib/code-server/lib/vscode/extensions/git/dist/main.js:2:872055)
	at Timeout._onTimeout (/usr/lib/code-server/lib/vscode/extensions/git/dist/main.js:2:875276)
	at listOnTimeout (node:internal/timers:569:17)
	at process.processTimers (node:internal/timers:512:7)
2024-01-23 05:17:13.366 [error] Error: Repository not initialized
	at M.db (/usr/lib/code-server/lib/vscode/extensions/git/dist/main.js:2:992836)
	at M.checkIgnore (/usr/lib/code-server/lib/vscode/extensions/git/dist/main.js:2:990451)
	at c.g (/usr/lib/code-server/lib/vscode/extensions/git/dist/main.js:2:872055)
	at Timeout._onTimeout (/usr/lib/code-server/lib/vscode/extensions/git/dist/main.js:2:875276)
	at listOnTimeout (node:internal/timers:569:17)
	at process.processTimers (node:internal/timers:512:7)
2024-01-23 05:17:13.366 [error] Error: Repository not initialized
	at M.db (/usr/lib/code-server/lib/vscode/extensions/git/dist/main.js:2:992836)
	at M.checkIgnore (/usr/lib/code-server/lib/vscode/extensions/git/dist/main.js:2:990451)
	at c.g (/usr/lib/code-server/lib/vscode/extensions/git/dist/main.js:2:872055)
	at Timeout._onTimeout (/usr/lib/code-server/lib/vscode/extensions/git/dist/main.js:2:875276)
	at listOnTimeout (node:internal/timers:569:17)
	at process.processTimers (node:internal/timers:512:7)
2024-01-23 05:17:13.366 [error] Error: Repository not initialized
	at M.db (/usr/lib/code-server/lib/vscode/extensions/git/dist/main.js:2:992836)
	at M.checkIgnore (/usr/lib/code-server/lib/vscode/extensions/git/dist/main.js:2:990451)
	at c.g (/usr/lib/code-server/lib/vscode/extensions/git/dist/main.js:2:872055)
	at Timeout._onTimeout (/usr/lib/code-server/lib/vscode/extensions/git/dist/main.js:2:875276)
	at listOnTimeout (node:internal/timers:569:17)
	at process.processTimers (node:internal/timers:512:7)
2024-01-23 05:17:13.366 [error] Error: Repository not initialized
	at M.db (/usr/lib/code-server/lib/vscode/extensions/git/dist/main.js:2:992836)
	at M.checkIgnore (/usr/lib/code-server/lib/vscode/extensions/git/dist/main.js:2:990451)
	at c.g (/usr/lib/code-server/lib/vscode/extensions/git/dist/main.js:2:872055)
	at Timeout._onTimeout (/usr/lib/code-server/lib/vscode/extensions/git/dist/main.js:2:875276)
	at listOnTimeout (node:internal/timers:569:17)
	at process.processTimers (node:internal/timers:512:7)
2024-01-23 05:17:13.366 [error] Error: Repository not initialized
	at M.db (/usr/lib/code-server/lib/vscode/extensions/git/dist/main.js:2:992836)
	at M.checkIgnore (/usr/lib/code-server/lib/vscode/extensions/git/dist/main.js:2:990451)
	at c.g (/usr/lib/code-server/lib/vscode/extensions/git/dist/main.js:2:872055)
	at Timeout._onTimeout (/usr/lib/code-server/lib/vscode/extensions/git/dist/main.js:2:875276)
	at listOnTimeout (node:internal/timers:569:17)
	at process.processTimers (node:internal/timers:512:7)
2024-01-23 05:17:13.366 [error] Error: Repository not initialized
	at M.db (/usr/lib/code-server/lib/vscode/extensions/git/dist/main.js:2:992836)
	at M.checkIgnore (/usr/lib/code-server/lib/vscode/extensions/git/dist/main.js:2:990451)
	at c.g (/usr/lib/code-server/lib/vscode/extensions/git/dist/main.js:2:872055)
	at Timeout._onTimeout (/usr/lib/code-server/lib/vscode/extensions/git/dist/main.js:2:875276)
	at listOnTimeout (node:internal/timers:569:17)
	at process.processTimers (node:internal/timers:512:7)
2024-01-23 05:17:13.366 [error] Error: Repository not initialized
	at M.db (/usr/lib/code-server/lib/vscode/extensions/git/dist/main.js:2:992836)
	at M.checkIgnore (/usr/lib/code-server/lib/vscode/extensions/git/dist/main.js:2:990451)
	at c.g (/usr/lib/code-server/lib/vscode/extensions/git/dist/main.js:2:872055)
	at Timeout._onTimeout (/usr/lib/code-server/lib/vscode/extensions/git/dist/main.js:2:875276)
	at listOnTimeout (node:internal/timers:569:17)
	at process.processTimers (node:internal/timers:512:7)
2024-01-23 05:17:13.366 [error] Error: Repository not initialized
	at M.db (/usr/lib/code-server/lib/vscode/extensions/git/dist/main.js:2:992836)
	at M.checkIgnore (/usr/lib/code-server/lib/vscode/extensions/git/dist/main.js:2:990451)
	at c.g (/usr/lib/code-server/lib/vscode/extensions/git/dist/main.js:2:872055)
	at Timeout._onTimeout (/usr/lib/code-server/lib/vscode/extensions/git/dist/main.js:2:875276)
	at listOnTimeout (node:internal/timers:569:17)
	at process.processTimers (node:internal/timers:512:7)
2024-01-23 05:17:13.366 [error] Error: Repository not initialized
	at M.db (/usr/lib/code-server/lib/vscode/extensions/git/dist/main.js:2:992836)
	at M.checkIgnore (/usr/lib/code-server/lib/vscode/extensions/git/dist/main.js:2:990451)
	at c.g (/usr/lib/code-server/lib/vscode/extensions/git/dist/main.js:2:872055)
	at Timeout._onTimeout (/usr/lib/code-server/lib/vscode/extensions/git/dist/main.js:2:875276)
	at listOnTimeout (node:internal/timers:569:17)
	at process.processTimers (node:internal/timers:512:7)
2024-01-23 05:17:13.366 [error] Error: Repository not initialized
	at M.db (/usr/lib/code-server/lib/vscode/extensions/git/dist/main.js:2:992836)
	at M.checkIgnore (/usr/lib/code-server/lib/vscode/extensions/git/dist/main.js:2:990451)
	at c.g (/usr/lib/code-server/lib/vscode/extensions/git/dist/main.js:2:872055)
	at Timeout._onTimeout (/usr/lib/code-server/lib/vscode/extensions/git/dist/main.js:2:875276)
	at listOnTimeout (node:internal/timers:569:17)
	at process.processTimers (node:internal/timers:512:7)
2024-01-23 05:17:13.366 [error] Error: Repository not initialized
	at M.db (/usr/lib/code-server/lib/vscode/extensions/git/dist/main.js:2:992836)
	at M.checkIgnore (/usr/lib/code-server/lib/vscode/extensions/git/dist/main.js:2:990451)
	at c.g (/usr/lib/code-server/lib/vscode/extensions/git/dist/main.js:2:872055)
	at Timeout._onTimeout (/usr/lib/code-server/lib/vscode/extensions/git/dist/main.js:2:875276)
	at listOnTimeout (node:internal/timers:569:17)
	at process.processTimers (node:internal/timers:512:7)
2024-01-23 05:17:13.922 [error] Error: Failed to execute git
	at ChildProcess.a (/usr/lib/code-server/lib/vscode/extensions/git/dist/main.js:2:908642)
	at ChildProcess.emit (node:events:513:28)
	at maybeClose (node:internal/child_process:1091:16)
	at ChildProcess._handle.onexit (node:internal/child_process:302:5)
2024-01-23 05:17:13.925 [error] Error: Failed to execute git
	at ChildProcess.a (/usr/lib/code-server/lib/vscode/extensions/git/dist/main.js:2:908642)
	at ChildProcess.emit (node:events:513:28)
	at maybeClose (node:internal/child_process:1091:16)
	at ChildProcess._handle.onexit (node:internal/child_process:302:5)
2024-01-23 05:17:13.925 [error] Error: Failed to execute git
	at ChildProcess.a (/usr/lib/code-server/lib/vscode/extensions/git/dist/main.js:2:908642)
	at ChildProcess.emit (node:events:513:28)
	at maybeClose (node:internal/child_process:1091:16)
	at ChildProcess._handle.onexit (node:internal/child_process:302:5)
2024-01-23 05:17:14.367 [error] Error: Repository not initialized
	at M.db (/usr/lib/code-server/lib/vscode/extensions/git/dist/main.js:2:992836)
	at M.checkIgnore (/usr/lib/code-server/lib/vscode/extensions/git/dist/main.js:2:990451)
	at c.g (/usr/lib/code-server/lib/vscode/extensions/git/dist/main.js:2:872055)
	at Timeout._onTimeout (/usr/lib/code-server/lib/vscode/extensions/git/dist/main.js:2:875276)
	at listOnTimeout (node:internal/timers:569:17)
	at process.processTimers (node:internal/timers:512:7)
2024-01-23 05:17:14.368 [error] Error: Repository not initialized
	at M.db (/usr/lib/code-server/lib/vscode/extensions/git/dist/main.js:2:992836)
	at M.checkIgnore (/usr/lib/code-server/lib/vscode/extensions/git/dist/main.js:2:990451)
	at c.g (/usr/lib/code-server/lib/vscode/extensions/git/dist/main.js:2:872055)
	at Timeout._onTimeout (/usr/lib/code-server/lib/vscode/extensions/git/dist/main.js:2:875276)
	at listOnTimeout (node:internal/timers:569:17)
	at process.processTimers (node:internal/timers:512:7)
2024-01-23 05:17:14.369 [error] Error: Repository not initialized
	at M.db (/usr/lib/code-server/lib/vscode/extensions/git/dist/main.js:2:992836)
	at M.checkIgnore (/usr/lib/code-server/lib/vscode/extensions/git/dist/main.js:2:990451)
	at c.g (/usr/lib/code-server/lib/vscode/extensions/git/dist/main.js:2:872055)
	at Timeout._onTimeout (/usr/lib/code-server/lib/vscode/extensions/git/dist/main.js:2:875276)
	at listOnTimeout (node:internal/timers:569:17)
	at process.processTimers (node:internal/timers:512:7)
2024-01-23 05:17:14.370 [error] Error: Repository not initialized
	at M.db (/usr/lib/code-server/lib/vscode/extensions/git/dist/main.js:2:992836)
	at M.checkIgnore (/usr/lib/code-server/lib/vscode/extensions/git/dist/main.js:2:990451)
	at c.g (/usr/lib/code-server/lib/vscode/extensions/git/dist/main.js:2:872055)
	at Timeout._onTimeout (/usr/lib/code-server/lib/vscode/extensions/git/dist/main.js:2:875276)
	at listOnTimeout (node:internal/timers:569:17)
	at process.processTimers (node:internal/timers:512:7)
2024-01-23 05:17:14.370 [error] Error: Repository not initialized
	at M.db (/usr/lib/code-server/lib/vscode/extensions/git/dist/main.js:2:992836)
	at M.checkIgnore (/usr/lib/code-server/lib/vscode/extensions/git/dist/main.js:2:990451)
	at c.g (/usr/lib/code-server/lib/vscode/extensions/git/dist/main.js:2:872055)
	at Timeout._onTimeout (/usr/lib/code-server/lib/vscode/extensions/git/dist/main.js:2:875276)
	at listOnTimeout (node:internal/timers:569:17)
	at process.processTimers (node:internal/timers:512:7)
2024-01-23 05:17:14.371 [error] Error: Repository not initialized
	at M.db (/usr/lib/code-server/lib/vscode/extensions/git/dist/main.js:2:992836)
	at M.checkIgnore (/usr/lib/code-server/lib/vscode/extensions/git/dist/main.js:2:990451)
	at c.g (/usr/lib/code-server/lib/vscode/extensions/git/dist/main.js:2:872055)
	at Timeout._onTimeout (/usr/lib/code-server/lib/vscode/extensions/git/dist/main.js:2:875276)
	at listOnTimeout (node:internal/timers:569:17)
	at process.processTimers (node:internal/timers:512:7)
2024-01-23 05:17:14.372 [error] Error: Repository not initialized
	at M.db (/usr/lib/code-server/lib/vscode/extensions/git/dist/main.js:2:992836)
	at M.checkIgnore (/usr/lib/code-server/lib/vscode/extensions/git/dist/main.js:2:990451)
	at c.g (/usr/lib/code-server/lib/vscode/extensions/git/dist/main.js:2:872055)
	at Timeout._onTimeout (/usr/lib/code-server/lib/vscode/extensions/git/dist/main.js:2:875276)
	at listOnTimeout (node:internal/timers:569:17)
	at process.processTimers (node:internal/timers:512:7)
2024-01-23 05:17:14.372 [error] Error: Repository not initialized
	at M.db (/usr/lib/code-server/lib/vscode/extensions/git/dist/main.js:2:992836)
	at M.checkIgnore (/usr/lib/code-server/lib/vscode/extensions/git/dist/main.js:2:990451)
	at c.g (/usr/lib/code-server/lib/vscode/extensions/git/dist/main.js:2:872055)
	at Timeout._onTimeout (/usr/lib/code-server/lib/vscode/extensions/git/dist/main.js:2:875276)
	at listOnTimeout (node:internal/timers:569:17)
	at process.processTimers (node:internal/timers:512:7)
2024-01-23 05:17:14.373 [error] Error: Repository not initialized
	at M.db (/usr/lib/code-server/lib/vscode/extensions/git/dist/main.js:2:992836)
	at M.checkIgnore (/usr/lib/code-server/lib/vscode/extensions/git/dist/main.js:2:990451)
	at c.g (/usr/lib/code-server/lib/vscode/extensions/git/dist/main.js:2:872055)
	at Timeout._onTimeout (/usr/lib/code-server/lib/vscode/extensions/git/dist/main.js:2:875276)
	at listOnTimeout (node:internal/timers:569:17)
	at process.processTimers (node:internal/timers:512:7)
2024-01-23 05:17:14.373 [error] Error: Repository not initialized
	at M.db (/usr/lib/code-server/lib/vscode/extensions/git/dist/main.js:2:992836)
	at M.checkIgnore (/usr/lib/code-server/lib/vscode/extensions/git/dist/main.js:2:990451)
	at c.g (/usr/lib/code-server/lib/vscode/extensions/git/dist/main.js:2:872055)
	at Timeout._onTimeout (/usr/lib/code-server/lib/vscode/extensions/git/dist/main.js:2:875276)
	at listOnTimeout (node:internal/timers:569:17)
	at process.processTimers (node:internal/timers:512:7)
2024-01-23 05:17:14.374 [error] Error: Repository not initialized
	at M.db (/usr/lib/code-server/lib/vscode/extensions/git/dist/main.js:2:992836)
	at M.checkIgnore (/usr/lib/code-server/lib/vscode/extensions/git/dist/main.js:2:990451)
	at c.g (/usr/lib/code-server/lib/vscode/extensions/git/dist/main.js:2:872055)
	at Timeout._onTimeout (/usr/lib/code-server/lib/vscode/extensions/git/dist/main.js:2:875276)
	at listOnTimeout (node:internal/timers:569:17)
	at process.processTimers (node:internal/timers:512:7)
2024-01-23 05:17:14.374 [error] Error: Repository not initialized
	at M.db (/usr/lib/code-server/lib/vscode/extensions/git/dist/main.js:2:992836)
	at M.checkIgnore (/usr/lib/code-server/lib/vscode/extensions/git/dist/main.js:2:990451)
	at c.g (/usr/lib/code-server/lib/vscode/extensions/git/dist/main.js:2:872055)
	at Timeout._onTimeout (/usr/lib/code-server/lib/vscode/extensions/git/dist/main.js:2:875276)
	at listOnTimeout (node:internal/timers:569:17)
	at process.processTimers (node:internal/timers:512:7)
2024-01-23 05:17:14.375 [error] Error: Repository not initialized
	at M.db (/usr/lib/code-server/lib/vscode/extensions/git/dist/main.js:2:992836)
	at M.checkIgnore (/usr/lib/code-server/lib/vscode/extensions/git/dist/main.js:2:990451)
	at c.g (/usr/lib/code-server/lib/vscode/extensions/git/dist/main.js:2:872055)
	at Timeout._onTimeout (/usr/lib/code-server/lib/vscode/extensions/git/dist/main.js:2:875276)
	at listOnTimeout (node:internal/timers:569:17)
	at process.processTimers (node:internal/timers:512:7)
2024-01-23 05:17:25.743 [info] Extension host terminating: received terminate message from renderer
2024-01-23 05:17:25.743 [info] Lock '/home/git-katas-user/.local/share/code-server/User/workspaceStorage/-7bf826ed/vscode.lock': Marking the lockfile as scheduled to be released in 6000 ms.
2024-01-23 05:17:25.770 [error] Canceled: Canceled
	at new f (/usr/lib/code-server/lib/vscode/out/vs/workbench/api/node/extensionHostProcess.js:141:110225)
	at l.U (/usr/lib/code-server/lib/vscode/out/vs/workbench/api/node/extensionHostProcess.js:150:10834)
	at O.<computed>.U.charCodeAt.O.<computed> (/usr/lib/code-server/lib/vscode/out/vs/workbench/api/node/extensionHostProcess.js:150:8285)
	at c.g (/usr/lib/code-server/lib/vscode/out/vs/workbench/api/node/extensionHostProcess.js:141:140291)
	at c.executeCommand (/usr/lib/code-server/lib/vscode/out/vs/workbench/api/node/extensionHostProcess.js:141:139715)
	at j.registerCommand.description (/usr/lib/code-server/lib/vscode/out/vs/workbench/api/node/extensionHostProcess.js:141:139025)
	at c.h (/usr/lib/code-server/lib/vscode/out/vs/workbench/api/node/extensionHostProcess.js:141:140830)
	at c.g (/usr/lib/code-server/lib/vscode/out/vs/workbench/api/node/extensionHostProcess.js:141:139815)
	at c.executeCommand (/usr/lib/code-server/lib/vscode/out/vs/workbench/api/node/extensionHostProcess.js:141:139715)
	at Object.executeCommand (/usr/lib/code-server/lib/vscode/out/vs/workbench/api/node/extensionHostProcess.js:158:21301)
	at g.I [as value] (/usr/lib/code-server/lib/vscode/extensions/git/dist/main.js:2:924696)
	at i.y (/usr/lib/code-server/lib/vscode/out/vs/workbench/api/node/extensionHostProcess.js:80:1918)
	at i.z (/usr/lib/code-server/lib/vscode/out/vs/workbench/api/node/extensionHostProcess.js:80:1988)
	at i.fire (/usr/lib/code-server/lib/vscode/out/vs/workbench/api/node/extensionHostProcess.js:80:2204)
	at Object.m [as dispose] (/usr/lib/code-server/lib/vscode/extensions/git/dist/main.js:2:940613)
	at /usr/lib/code-server/lib/vscode/extensions/git/dist/main.js:2:945566
	at Array.forEach (<anonymous>)
	at p.dispose (/usr/lib/code-server/lib/vscode/extensions/git/dist/main.js:2:945552)
	at r.<anonymous> (/usr/lib/code-server/lib/vscode/out/vs/workbench/api/node/extensionHostProcess.js:137:4386)
	at r.dispose (/usr/lib/code-server/lib/vscode/out/vs/workbench/api/node/extensionHostProcess.js:137:4521)
	at r.<anonymous> (/usr/lib/code-server/lib/vscode/extensions/git/dist/main.js:2:926708)
	at r.dispose (/usr/lib/code-server/lib/vscode/out/vs/workbench/api/node/extensionHostProcess.js:137:4521)
	at o (/usr/lib/code-server/lib/vscode/out/vs/workbench/api/node/extensionHostProcess.js:30:760)
	at n.cb (/usr/lib/code-server/lib/vscode/out/vs/workbench/api/node/extensionHostProcess.js:154:10665)
	at /usr/lib/code-server/lib/vscode/out/vs/workbench/api/node/extensionHostProcess.js:154:8554
	at Array.map (<anonymous>)
	at n.Y (/usr/lib/code-server/lib/vscode/out/vs/workbench/api/node/extensionHostProcess.js:154:8542)
	at n.terminate (/usr/lib/code-server/lib/vscode/out/vs/workbench/api/node/extensionHostProcess.js:154:8815)
	at o.terminate (/usr/lib/code-server/lib/vscode/out/vs/workbench/api/node/extensionHostProcess.js:158:1513)
	at t (/usr/lib/code-server/lib/vscode/out/vs/workbench/api/node/extensionHostProcess.js:171:9809)
	at g.value (/usr/lib/code-server/lib/vscode/out/vs/workbench/api/node/extensionHostProcess.js:171:7855)
	at i.y (/usr/lib/code-server/lib/vscode/out/vs/workbench/api/node/extensionHostProcess.js:80:1918)
	at i.fire (/usr/lib/code-server/lib/vscode/out/vs/workbench/api/node/extensionHostProcess.js:80:2135)
	at s.fire (/usr/lib/code-server/lib/vscode/out/vs/workbench/api/node/extensionHostProcess.js:92:14057)
	at d.z (/usr/lib/code-server/lib/vscode/out/vs/workbench/api/node/extensionHostProcess.js:92:17102)
	at g.value (/usr/lib/code-server/lib/vscode/out/vs/workbench/api/node/extensionHostProcess.js:92:15554)
	at i.y (/usr/lib/code-server/lib/vscode/out/vs/workbench/api/node/extensionHostProcess.js:80:1918)
	at i.fire (/usr/lib/code-server/lib/vscode/out/vs/workbench/api/node/extensionHostProcess.js:80:2135)
	at g.acceptChunk (/usr/lib/code-server/lib/vscode/out/vs/workbench/api/node/extensionHostProcess.js:92:11831)
	at g.value (/usr/lib/code-server/lib/vscode/out/vs/workbench/api/node/extensionHostProcess.js:92:11118)
	at i.y (/usr/lib/code-server/lib/vscode/out/vs/workbench/api/node/extensionHostProcess.js:80:1918)
	at i.fire (/usr/lib/code-server/lib/vscode/out/vs/workbench/api/node/extensionHostProcess.js:80:2135)
	at i.z (/usr/lib/code-server/lib/vscode/out/vs/workbench/api/node/extensionHostProcess.js:168:19496) setContext undefined
2024-01-23 05:17:25.770 [error] Canceled: Canceled
	at new f (/usr/lib/code-server/lib/vscode/out/vs/workbench/api/node/extensionHostProcess.js:141:110225)
	at l.U (/usr/lib/code-server/lib/vscode/out/vs/workbench/api/node/extensionHostProcess.js:150:10834)
	at O.<computed>.U.charCodeAt.O.<computed> (/usr/lib/code-server/lib/vscode/out/vs/workbench/api/node/extensionHostProcess.js:150:8285)
	at c.g (/usr/lib/code-server/lib/vscode/out/vs/workbench/api/node/extensionHostProcess.js:141:140291)
	at c.executeCommand (/usr/lib/code-server/lib/vscode/out/vs/workbench/api/node/extensionHostProcess.js:141:139715)
	at j.registerCommand.description (/usr/lib/code-server/lib/vscode/out/vs/workbench/api/node/extensionHostProcess.js:141:139025)
	at c.h (/usr/lib/code-server/lib/vscode/out/vs/workbench/api/node/extensionHostProcess.js:141:140830)
	at c.g (/usr/lib/code-server/lib/vscode/out/vs/workbench/api/node/extensionHostProcess.js:141:139815)
	at c.executeCommand (/usr/lib/code-server/lib/vscode/out/vs/workbench/api/node/extensionHostProcess.js:141:139715)
	at Object.executeCommand (/usr/lib/code-server/lib/vscode/out/vs/workbench/api/node/extensionHostProcess.js:158:21301)
	at set b [as b] (/usr/lib/code-server/lib/vscode/extensions/github/dist/extension.js:2:322364)
	at /usr/lib/code-server/lib/vscode/extensions/github/dist/extension.js:2:323005
	at g.value (/usr/lib/code-server/lib/vscode/extensions/git/dist/main.js:2:1016450)
	at i.y (/usr/lib/code-server/lib/vscode/out/vs/workbench/api/node/extensionHostProcess.js:80:1918)
	at i.z (/usr/lib/code-server/lib/vscode/out/vs/workbench/api/node/extensionHostProcess.js:80:1988)
	at i.fire (/usr/lib/code-server/lib/vscode/out/vs/workbench/api/node/extensionHostProcess.js:80:2204)
	at Object.m [as dispose] (/usr/lib/code-server/lib/vscode/extensions/git/dist/main.js:2:940613)
	at /usr/lib/code-server/lib/vscode/extensions/git/dist/main.js:2:945566
	at Array.forEach (<anonymous>)
	at p.dispose (/usr/lib/code-server/lib/vscode/extensions/git/dist/main.js:2:945552)
	at r.<anonymous> (/usr/lib/code-server/lib/vscode/out/vs/workbench/api/node/extensionHostProcess.js:137:4386)
	at r.dispose (/usr/lib/code-server/lib/vscode/out/vs/workbench/api/node/extensionHostProcess.js:137:4521)
	at r.<anonymous> (/usr/lib/code-server/lib/vscode/extensions/git/dist/main.js:2:926708)
	at r.dispose (/usr/lib/code-server/lib/vscode/out/vs/workbench/api/node/extensionHostProcess.js:137:4521)
	at o (/usr/lib/code-server/lib/vscode/out/vs/workbench/api/node/extensionHostProcess.js:30:760)
	at n.cb (/usr/lib/code-server/lib/vscode/out/vs/workbench/api/node/extensionHostProcess.js:154:10665)
	at /usr/lib/code-server/lib/vscode/out/vs/workbench/api/node/extensionHostProcess.js:154:8554
	at Array.map (<anonymous>)
	at n.Y (/usr/lib/code-server/lib/vscode/out/vs/workbench/api/node/extensionHostProcess.js:154:8542)
	at n.terminate (/usr/lib/code-server/lib/vscode/out/vs/workbench/api/node/extensionHostProcess.js:154:8815)
	at o.terminate (/usr/lib/code-server/lib/vscode/out/vs/workbench/api/node/extensionHostProcess.js:158:1513)
	at t (/usr/lib/code-server/lib/vscode/out/vs/workbench/api/node/extensionHostProcess.js:171:9809)
	at g.value (/usr/lib/code-server/lib/vscode/out/vs/workbench/api/node/extensionHostProcess.js:171:7855)
	at i.y (/usr/lib/code-server/lib/vscode/out/vs/workbench/api/node/extensionHostProcess.js:80:1918)
	at i.fire (/usr/lib/code-server/lib/vscode/out/vs/workbench/api/node/extensionHostProcess.js:80:2135)
	at s.fire (/usr/lib/code-server/lib/vscode/out/vs/workbench/api/node/extensionHostProcess.js:92:14057)
	at d.z (/usr/lib/code-server/lib/vscode/out/vs/workbench/api/node/extensionHostProcess.js:92:17102)
	at g.value (/usr/lib/code-server/lib/vscode/out/vs/workbench/api/node/extensionHostProcess.js:92:15554)
	at i.y (/usr/lib/code-server/lib/vscode/out/vs/workbench/api/node/extensionHostProcess.js:80:1918)
	at i.fire (/usr/lib/code-server/lib/vscode/out/vs/workbench/api/node/extensionHostProcess.js:80:2135)
	at g.acceptChunk (/usr/lib/code-server/lib/vscode/out/vs/workbench/api/node/extensionHostProcess.js:92:11831)
	at g.value (/usr/lib/code-server/lib/vscode/out/vs/workbench/api/node/extensionHostProcess.js:92:11118)
	at i.y (/usr/lib/code-server/lib/vscode/out/vs/workbench/api/node/extensionHostProcess.js:80:1918)
	at i.fire (/usr/lib/code-server/lib/vscode/out/vs/workbench/api/node/extensionHostProcess.js:80:2135)
	at i.z (/usr/lib/code-server/lib/vscode/out/vs/workbench/api/node/extensionHostProcess.js:168:19496) setContext undefined
2024-01-23 05:17:25.771 [info] Extension host with pid 401 exiting with code 0
