2024-01-23 05:17:12.763 [info] Log level: Info
2024-01-23 05:17:12.763 [info] Validating found git in: "git"
2024-01-23 05:17:12.763 [info] Using git "2.43.0" from "git"
2024-01-23 05:17:12.763 [info] > git rev-parse --show-toplevel [14ms]
2024-01-23 05:17:12.763 [info] > git rev-parse --git-dir --git-common-dir [8ms]
2024-01-23 05:17:12.763 [info] Open repository: /home/git-katas-user/exercise
2024-01-23 05:17:12.763 [info] > git rev-parse --show-toplevel [3ms]
2024-01-23 05:17:12.763 [info] > git config --get commit.template [14ms]
2024-01-23 05:17:12.781 [info] No remotes found in the git config file.
2024-01-23 05:17:12.782 [info] > git rev-parse --show-toplevel [10ms]
2024-01-23 05:17:12.852 [info] > git for-each-ref --format=%(refname)%00%(upstream:short)%00%(objectname)%00%(upstream:track)%00%(upstream:remotename)%00%(upstream:remoteref) refs/heads/master refs/remotes/master [72ms]
2024-01-23 05:17:12.867 [info] > git status -z -uall [7ms]
2024-01-23 05:17:12.898 [info] No remotes found in the git config file.
2024-01-23 05:17:12.900 [info] > git config --get commit.template [15ms]
2024-01-23 05:17:12.906 [info] > git for-each-ref --format=%(refname)%00%(upstream:short)%00%(objectname)%00%(upstream:track)%00%(upstream:remotename)%00%(upstream:remoteref) refs/heads/master refs/remotes/master [9ms]
2024-01-23 05:17:12.919 [info] > git status -z -uall [4ms]
2024-01-23 05:17:13.606 [info] > git rev-parse --show-toplevel [1ms]
2024-01-23 05:17:13.613 [info] > git rev-parse --git-dir --git-common-dir [1ms]
2024-01-23 05:17:13.618 [info] Open repository: /home/git-katas-user/exercise
2024-01-23 05:17:13.627 [info] > git config --get commit.template [2ms]
2024-01-23 05:17:13.634 [info] No remotes found in the git config file.
2024-01-23 05:17:13.636 [info] > git for-each-ref --format=%(refname)%00%(upstream:short)%00%(objectname)%00%(upstream:track)%00%(upstream:remotename)%00%(upstream:remoteref) refs/heads/master refs/remotes/master [3ms]
2024-01-23 05:17:13.643 [info] > git status -z -uall [2ms]
2024-01-23 05:17:13.667 [info] No remotes found in the git config file.
2024-01-23 05:17:13.668 [info] > git config --get commit.template [8ms]
2024-01-23 05:17:13.669 [info] > git for-each-ref --format=%(refname)%00%(upstream:short)%00%(objectname)%00%(upstream:track)%00%(upstream:remotename)%00%(upstream:remoteref) refs/heads/master refs/remotes/master [3ms]
2024-01-23 05:17:13.676 [info] > git status -z -uall [2ms]
2024-01-23 05:17:14.250 [info] > git check-ignore -v -z --stdin [2ms]
