2024-01-23 05:07:10.067 [info] Extension host with pid 318 started
2024-01-23 05:07:10.087 [info] Lock '/home/git-katas-user/.local/share/code-server/User/workspaceStorage/-7bf826ed/vscode.lock': Lock acquired.
2024-01-23 05:07:10.274 [info] ExtensionService#_doActivateExtension vscode.git-base, startup: true, activationEvent: '*', root cause: vscode.git
2024-01-23 05:07:10.408 [info] ExtensionService#_doActivateExtension vscode.git, startup: true, activationEvent: '*'
2024-01-23 05:07:10.409 [info] ExtensionService#_doActivateExtension vscode.github, startup: true, activationEvent: '*'
2024-01-23 05:07:10.773 [info] Eager extensions activated
2024-01-23 05:07:10.773 [info] ExtensionService#_doActivateExtension vscode.debug-auto-launch, startup: false, activationEvent: 'onStartupFinished'
2024-01-23 05:07:10.774 [info] ExtensionService#_doActivateExtension vscode.merge-conflict, startup: false, activationEvent: 'onStartupFinished'
2024-01-23 05:07:10.844 [info] Extension host terminating: received terminate message from renderer
2024-01-23 05:07:10.848 [info] Lock '/home/git-katas-user/.local/share/code-server/User/workspaceStorage/-7bf826ed/vscode.lock': Marking the lockfile as scheduled to be released in 6000 ms.
2024-01-23 05:07:10.873 [error] Canceled: Canceled
	at Object.I [as $6] (/usr/lib/code-server/lib/vscode/out/vs/workbench/api/node/extensionHostProcess.js:10:1032)
	at /usr/lib/code-server/lib/vscode/out/vs/workbench/api/node/extensionHostProcess.js:150:7643
	at Array.forEach (<anonymous>)
	at l.dispose (/usr/lib/code-server/lib/vscode/out/vs/workbench/api/node/extensionHostProcess.js:150:7581)
	at n.terminate (/usr/lib/code-server/lib/vscode/out/vs/workbench/api/node/extensionHostProcess.js:154:8791)
	at o.terminate (/usr/lib/code-server/lib/vscode/out/vs/workbench/api/node/extensionHostProcess.js:158:1513)
	at t (/usr/lib/code-server/lib/vscode/out/vs/workbench/api/node/extensionHostProcess.js:171:9809)
	at g.value (/usr/lib/code-server/lib/vscode/out/vs/workbench/api/node/extensionHostProcess.js:171:7855)
	at i.y (/usr/lib/code-server/lib/vscode/out/vs/workbench/api/node/extensionHostProcess.js:80:1918)
	at i.fire (/usr/lib/code-server/lib/vscode/out/vs/workbench/api/node/extensionHostProcess.js:80:2135)
	at s.fire (/usr/lib/code-server/lib/vscode/out/vs/workbench/api/node/extensionHostProcess.js:92:14057)
	at d.z (/usr/lib/code-server/lib/vscode/out/vs/workbench/api/node/extensionHostProcess.js:92:17102)
	at g.value (/usr/lib/code-server/lib/vscode/out/vs/workbench/api/node/extensionHostProcess.js:92:15554)
	at i.y (/usr/lib/code-server/lib/vscode/out/vs/workbench/api/node/extensionHostProcess.js:80:1918)
	at i.fire (/usr/lib/code-server/lib/vscode/out/vs/workbench/api/node/extensionHostProcess.js:80:2135)
	at g.acceptChunk (/usr/lib/code-server/lib/vscode/out/vs/workbench/api/node/extensionHostProcess.js:92:11831)
	at g.value (/usr/lib/code-server/lib/vscode/out/vs/workbench/api/node/extensionHostProcess.js:92:11118)
	at i.y (/usr/lib/code-server/lib/vscode/out/vs/workbench/api/node/extensionHostProcess.js:80:1918)
	at i.fire (/usr/lib/code-server/lib/vscode/out/vs/workbench/api/node/extensionHostProcess.js:80:2135)
	at i.z (/usr/lib/code-server/lib/vscode/out/vs/workbench/api/node/extensionHostProcess.js:168:19496) setContext undefined
2024-01-23 05:07:10.874 [error] Canceled: Canceled
	at Object.I [as $6] (/usr/lib/code-server/lib/vscode/out/vs/workbench/api/node/extensionHostProcess.js:10:1032)
	at /usr/lib/code-server/lib/vscode/out/vs/workbench/api/node/extensionHostProcess.js:150:7643
	at Array.forEach (<anonymous>)
	at l.dispose (/usr/lib/code-server/lib/vscode/out/vs/workbench/api/node/extensionHostProcess.js:150:7581)
	at n.terminate (/usr/lib/code-server/lib/vscode/out/vs/workbench/api/node/extensionHostProcess.js:154:8791)
	at o.terminate (/usr/lib/code-server/lib/vscode/out/vs/workbench/api/node/extensionHostProcess.js:158:1513)
	at t (/usr/lib/code-server/lib/vscode/out/vs/workbench/api/node/extensionHostProcess.js:171:9809)
	at g.value (/usr/lib/code-server/lib/vscode/out/vs/workbench/api/node/extensionHostProcess.js:171:7855)
	at i.y (/usr/lib/code-server/lib/vscode/out/vs/workbench/api/node/extensionHostProcess.js:80:1918)
	at i.fire (/usr/lib/code-server/lib/vscode/out/vs/workbench/api/node/extensionHostProcess.js:80:2135)
	at s.fire (/usr/lib/code-server/lib/vscode/out/vs/workbench/api/node/extensionHostProcess.js:92:14057)
	at d.z (/usr/lib/code-server/lib/vscode/out/vs/workbench/api/node/extensionHostProcess.js:92:17102)
	at g.value (/usr/lib/code-server/lib/vscode/out/vs/workbench/api/node/extensionHostProcess.js:92:15554)
	at i.y (/usr/lib/code-server/lib/vscode/out/vs/workbench/api/node/extensionHostProcess.js:80:1918)
	at i.fire (/usr/lib/code-server/lib/vscode/out/vs/workbench/api/node/extensionHostProcess.js:80:2135)
	at g.acceptChunk (/usr/lib/code-server/lib/vscode/out/vs/workbench/api/node/extensionHostProcess.js:92:11831)
	at g.value (/usr/lib/code-server/lib/vscode/out/vs/workbench/api/node/extensionHostProcess.js:92:11118)
	at i.y (/usr/lib/code-server/lib/vscode/out/vs/workbench/api/node/extensionHostProcess.js:80:1918)
	at i.fire (/usr/lib/code-server/lib/vscode/out/vs/workbench/api/node/extensionHostProcess.js:80:2135)
	at i.z (/usr/lib/code-server/lib/vscode/out/vs/workbench/api/node/extensionHostProcess.js:168:19496) setContext undefined
2024-01-23 05:07:10.875 [error] Canceled: Canceled
	at Object.I [as $6] (/usr/lib/code-server/lib/vscode/out/vs/workbench/api/node/extensionHostProcess.js:10:1032)
	at /usr/lib/code-server/lib/vscode/out/vs/workbench/api/node/extensionHostProcess.js:150:7643
	at Array.forEach (<anonymous>)
	at l.dispose (/usr/lib/code-server/lib/vscode/out/vs/workbench/api/node/extensionHostProcess.js:150:7581)
	at n.terminate (/usr/lib/code-server/lib/vscode/out/vs/workbench/api/node/extensionHostProcess.js:154:8791)
	at o.terminate (/usr/lib/code-server/lib/vscode/out/vs/workbench/api/node/extensionHostProcess.js:158:1513)
	at t (/usr/lib/code-server/lib/vscode/out/vs/workbench/api/node/extensionHostProcess.js:171:9809)
	at g.value (/usr/lib/code-server/lib/vscode/out/vs/workbench/api/node/extensionHostProcess.js:171:7855)
	at i.y (/usr/lib/code-server/lib/vscode/out/vs/workbench/api/node/extensionHostProcess.js:80:1918)
	at i.fire (/usr/lib/code-server/lib/vscode/out/vs/workbench/api/node/extensionHostProcess.js:80:2135)
	at s.fire (/usr/lib/code-server/lib/vscode/out/vs/workbench/api/node/extensionHostProcess.js:92:14057)
	at d.z (/usr/lib/code-server/lib/vscode/out/vs/workbench/api/node/extensionHostProcess.js:92:17102)
	at g.value (/usr/lib/code-server/lib/vscode/out/vs/workbench/api/node/extensionHostProcess.js:92:15554)
	at i.y (/usr/lib/code-server/lib/vscode/out/vs/workbench/api/node/extensionHostProcess.js:80:1918)
	at i.fire (/usr/lib/code-server/lib/vscode/out/vs/workbench/api/node/extensionHostProcess.js:80:2135)
	at g.acceptChunk (/usr/lib/code-server/lib/vscode/out/vs/workbench/api/node/extensionHostProcess.js:92:11831)
	at g.value (/usr/lib/code-server/lib/vscode/out/vs/workbench/api/node/extensionHostProcess.js:92:11118)
	at i.y (/usr/lib/code-server/lib/vscode/out/vs/workbench/api/node/extensionHostProcess.js:80:1918)
	at i.fire (/usr/lib/code-server/lib/vscode/out/vs/workbench/api/node/extensionHostProcess.js:80:2135)
	at i.z (/usr/lib/code-server/lib/vscode/out/vs/workbench/api/node/extensionHostProcess.js:168:19496) setContext undefined
2024-01-23 05:07:10.875 [error] Canceled: Canceled
	at Object.I [as $6] (/usr/lib/code-server/lib/vscode/out/vs/workbench/api/node/extensionHostProcess.js:10:1032)
	at /usr/lib/code-server/lib/vscode/out/vs/workbench/api/node/extensionHostProcess.js:150:7643
	at Array.forEach (<anonymous>)
	at l.dispose (/usr/lib/code-server/lib/vscode/out/vs/workbench/api/node/extensionHostProcess.js:150:7581)
	at n.terminate (/usr/lib/code-server/lib/vscode/out/vs/workbench/api/node/extensionHostProcess.js:154:8791)
	at o.terminate (/usr/lib/code-server/lib/vscode/out/vs/workbench/api/node/extensionHostProcess.js:158:1513)
	at t (/usr/lib/code-server/lib/vscode/out/vs/workbench/api/node/extensionHostProcess.js:171:9809)
	at g.value (/usr/lib/code-server/lib/vscode/out/vs/workbench/api/node/extensionHostProcess.js:171:7855)
	at i.y (/usr/lib/code-server/lib/vscode/out/vs/workbench/api/node/extensionHostProcess.js:80:1918)
	at i.fire (/usr/lib/code-server/lib/vscode/out/vs/workbench/api/node/extensionHostProcess.js:80:2135)
	at s.fire (/usr/lib/code-server/lib/vscode/out/vs/workbench/api/node/extensionHostProcess.js:92:14057)
	at d.z (/usr/lib/code-server/lib/vscode/out/vs/workbench/api/node/extensionHostProcess.js:92:17102)
	at g.value (/usr/lib/code-server/lib/vscode/out/vs/workbench/api/node/extensionHostProcess.js:92:15554)
	at i.y (/usr/lib/code-server/lib/vscode/out/vs/workbench/api/node/extensionHostProcess.js:80:1918)
	at i.fire (/usr/lib/code-server/lib/vscode/out/vs/workbench/api/node/extensionHostProcess.js:80:2135)
	at g.acceptChunk (/usr/lib/code-server/lib/vscode/out/vs/workbench/api/node/extensionHostProcess.js:92:11831)
	at g.value (/usr/lib/code-server/lib/vscode/out/vs/workbench/api/node/extensionHostProcess.js:92:11118)
	at i.y (/usr/lib/code-server/lib/vscode/out/vs/workbench/api/node/extensionHostProcess.js:80:1918)
	at i.fire (/usr/lib/code-server/lib/vscode/out/vs/workbench/api/node/extensionHostProcess.js:80:2135)
	at i.z (/usr/lib/code-server/lib/vscode/out/vs/workbench/api/node/extensionHostProcess.js:168:19496) setContext undefined
2024-01-23 05:07:10.879 [error] Canceled: Canceled
	at Object.I [as $6] (/usr/lib/code-server/lib/vscode/out/vs/workbench/api/node/extensionHostProcess.js:10:1032)
	at /usr/lib/code-server/lib/vscode/out/vs/workbench/api/node/extensionHostProcess.js:150:7643
	at Array.forEach (<anonymous>)
	at l.dispose (/usr/lib/code-server/lib/vscode/out/vs/workbench/api/node/extensionHostProcess.js:150:7581)
	at n.terminate (/usr/lib/code-server/lib/vscode/out/vs/workbench/api/node/extensionHostProcess.js:154:8791)
	at o.terminate (/usr/lib/code-server/lib/vscode/out/vs/workbench/api/node/extensionHostProcess.js:158:1513)
	at t (/usr/lib/code-server/lib/vscode/out/vs/workbench/api/node/extensionHostProcess.js:171:9809)
	at g.value (/usr/lib/code-server/lib/vscode/out/vs/workbench/api/node/extensionHostProcess.js:171:7855)
	at i.y (/usr/lib/code-server/lib/vscode/out/vs/workbench/api/node/extensionHostProcess.js:80:1918)
	at i.fire (/usr/lib/code-server/lib/vscode/out/vs/workbench/api/node/extensionHostProcess.js:80:2135)
	at s.fire (/usr/lib/code-server/lib/vscode/out/vs/workbench/api/node/extensionHostProcess.js:92:14057)
	at d.z (/usr/lib/code-server/lib/vscode/out/vs/workbench/api/node/extensionHostProcess.js:92:17102)
	at g.value (/usr/lib/code-server/lib/vscode/out/vs/workbench/api/node/extensionHostProcess.js:92:15554)
	at i.y (/usr/lib/code-server/lib/vscode/out/vs/workbench/api/node/extensionHostProcess.js:80:1918)
	at i.fire (/usr/lib/code-server/lib/vscode/out/vs/workbench/api/node/extensionHostProcess.js:80:2135)
	at g.acceptChunk (/usr/lib/code-server/lib/vscode/out/vs/workbench/api/node/extensionHostProcess.js:92:11831)
	at g.value (/usr/lib/code-server/lib/vscode/out/vs/workbench/api/node/extensionHostProcess.js:92:11118)
	at i.y (/usr/lib/code-server/lib/vscode/out/vs/workbench/api/node/extensionHostProcess.js:80:1918)
	at i.fire (/usr/lib/code-server/lib/vscode/out/vs/workbench/api/node/extensionHostProcess.js:80:2135)
	at i.z (/usr/lib/code-server/lib/vscode/out/vs/workbench/api/node/extensionHostProcess.js:168:19496) setContext undefined
2024-01-23 05:07:10.880 [error] Canceled: Canceled
	at Object.I [as $6] (/usr/lib/code-server/lib/vscode/out/vs/workbench/api/node/extensionHostProcess.js:10:1032)
	at /usr/lib/code-server/lib/vscode/out/vs/workbench/api/node/extensionHostProcess.js:150:7643
	at Array.forEach (<anonymous>)
	at l.dispose (/usr/lib/code-server/lib/vscode/out/vs/workbench/api/node/extensionHostProcess.js:150:7581)
	at n.terminate (/usr/lib/code-server/lib/vscode/out/vs/workbench/api/node/extensionHostProcess.js:154:8791)
	at o.terminate (/usr/lib/code-server/lib/vscode/out/vs/workbench/api/node/extensionHostProcess.js:158:1513)
	at t (/usr/lib/code-server/lib/vscode/out/vs/workbench/api/node/extensionHostProcess.js:171:9809)
	at g.value (/usr/lib/code-server/lib/vscode/out/vs/workbench/api/node/extensionHostProcess.js:171:7855)
	at i.y (/usr/lib/code-server/lib/vscode/out/vs/workbench/api/node/extensionHostProcess.js:80:1918)
	at i.fire (/usr/lib/code-server/lib/vscode/out/vs/workbench/api/node/extensionHostProcess.js:80:2135)
	at s.fire (/usr/lib/code-server/lib/vscode/out/vs/workbench/api/node/extensionHostProcess.js:92:14057)
	at d.z (/usr/lib/code-server/lib/vscode/out/vs/workbench/api/node/extensionHostProcess.js:92:17102)
	at g.value (/usr/lib/code-server/lib/vscode/out/vs/workbench/api/node/extensionHostProcess.js:92:15554)
	at i.y (/usr/lib/code-server/lib/vscode/out/vs/workbench/api/node/extensionHostProcess.js:80:1918)
	at i.fire (/usr/lib/code-server/lib/vscode/out/vs/workbench/api/node/extensionHostProcess.js:80:2135)
	at g.acceptChunk (/usr/lib/code-server/lib/vscode/out/vs/workbench/api/node/extensionHostProcess.js:92:11831)
	at g.value (/usr/lib/code-server/lib/vscode/out/vs/workbench/api/node/extensionHostProcess.js:92:11118)
	at i.y (/usr/lib/code-server/lib/vscode/out/vs/workbench/api/node/extensionHostProcess.js:80:1918)
	at i.fire (/usr/lib/code-server/lib/vscode/out/vs/workbench/api/node/extensionHostProcess.js:80:2135)
	at i.z (/usr/lib/code-server/lib/vscode/out/vs/workbench/api/node/extensionHostProcess.js:168:19496) setContext undefined
2024-01-23 05:07:10.880 [error] Canceled: Canceled
	at Object.I [as $6] (/usr/lib/code-server/lib/vscode/out/vs/workbench/api/node/extensionHostProcess.js:10:1032)
	at /usr/lib/code-server/lib/vscode/out/vs/workbench/api/node/extensionHostProcess.js:150:7643
	at Array.forEach (<anonymous>)
	at l.dispose (/usr/lib/code-server/lib/vscode/out/vs/workbench/api/node/extensionHostProcess.js:150:7581)
	at n.terminate (/usr/lib/code-server/lib/vscode/out/vs/workbench/api/node/extensionHostProcess.js:154:8791)
	at o.terminate (/usr/lib/code-server/lib/vscode/out/vs/workbench/api/node/extensionHostProcess.js:158:1513)
	at t (/usr/lib/code-server/lib/vscode/out/vs/workbench/api/node/extensionHostProcess.js:171:9809)
	at g.value (/usr/lib/code-server/lib/vscode/out/vs/workbench/api/node/extensionHostProcess.js:171:7855)
	at i.y (/usr/lib/code-server/lib/vscode/out/vs/workbench/api/node/extensionHostProcess.js:80:1918)
	at i.fire (/usr/lib/code-server/lib/vscode/out/vs/workbench/api/node/extensionHostProcess.js:80:2135)
	at s.fire (/usr/lib/code-server/lib/vscode/out/vs/workbench/api/node/extensionHostProcess.js:92:14057)
	at d.z (/usr/lib/code-server/lib/vscode/out/vs/workbench/api/node/extensionHostProcess.js:92:17102)
	at g.value (/usr/lib/code-server/lib/vscode/out/vs/workbench/api/node/extensionHostProcess.js:92:15554)
	at i.y (/usr/lib/code-server/lib/vscode/out/vs/workbench/api/node/extensionHostProcess.js:80:1918)
	at i.fire (/usr/lib/code-server/lib/vscode/out/vs/workbench/api/node/extensionHostProcess.js:80:2135)
	at g.acceptChunk (/usr/lib/code-server/lib/vscode/out/vs/workbench/api/node/extensionHostProcess.js:92:11831)
	at g.value (/usr/lib/code-server/lib/vscode/out/vs/workbench/api/node/extensionHostProcess.js:92:11118)
	at i.y (/usr/lib/code-server/lib/vscode/out/vs/workbench/api/node/extensionHostProcess.js:80:1918)
	at i.fire (/usr/lib/code-server/lib/vscode/out/vs/workbench/api/node/extensionHostProcess.js:80:2135)
	at i.z (/usr/lib/code-server/lib/vscode/out/vs/workbench/api/node/extensionHostProcess.js:168:19496) setContext undefined
2024-01-23 05:07:10.882 [info] Extension host with pid 318 exiting with code 0
