2024-01-23 05:23:21.928 [info] Log level: Info
2024-01-23 05:23:21.928 [info] Validating found git in: "git"
2024-01-23 05:23:21.928 [info] Using git "2.43.0" from "git"
2024-01-23 05:23:21.928 [info] > git rev-parse --show-toplevel [11ms]
2024-01-23 05:23:21.938 [info] > git rev-parse --git-dir --git-common-dir [3ms]
2024-01-23 05:23:21.964 [info] Open repository: /home/git-katas-user/exercise
2024-01-23 05:23:21.982 [info] > git config --get commit.template [7ms]
2024-01-23 05:23:21.993 [info] No remotes found in the git config file.
2024-01-23 05:23:21.995 [info] > git rev-parse --show-toplevel [15ms]
2024-01-23 05:23:22.004 [info] > git for-each-ref --format=%(refname)%00%(upstream:short)%00%(objectname)%00%(upstream:track)%00%(upstream:remotename)%00%(upstream:remoteref) refs/heads/master refs/remotes/master [13ms]
2024-01-23 05:23:22.014 [info] > git rev-parse --show-toplevel [11ms]
2024-01-23 05:23:22.024 [info] > git status -z -uall [11ms]
2024-01-23 05:23:22.109 [info] > git config --get commit.template [66ms]
2024-01-23 05:23:22.115 [info] No remotes found in the git config file.
2024-01-23 05:23:22.126 [info] > git for-each-ref --format=%(refname)%00%(upstream:short)%00%(objectname)%00%(upstream:track)%00%(upstream:remotename)%00%(upstream:remoteref) refs/heads/master refs/remotes/master [11ms]
2024-01-23 05:23:22.135 [info] > git status -z -uall [3ms]
2024-01-23 05:23:22.625 [info] > git check-ignore -v -z --stdin [2ms]
2024-01-23 05:24:49.131 [info] > git config --get commit.template [7ms]
2024-01-23 05:24:49.132 [info] No remotes found in the git config file.
2024-01-23 05:24:49.132 [info] > git for-each-ref --format=%(refname)%00%(upstream:short)%00%(objectname)%00%(upstream:track)%00%(upstream:remotename)%00%(upstream:remoteref) refs/heads/master refs/remotes/master [3ms]
2024-01-23 05:24:49.139 [info] > git status -z -uall [2ms]
2024-01-23 05:24:50.019 [info] > git check-ignore -v -z --stdin [1ms]
