2024-01-23 05:17:30.783 [info] Log level: Info
2024-01-23 05:17:30.784 [info] Validating found git in: "git"
2024-01-23 05:17:30.784 [info] Using git "2.43.0" from "git"
2024-01-23 05:17:30.784 [info] > git rev-parse --show-toplevel [2ms]
2024-01-23 05:17:30.784 [info] > git rev-parse --git-dir --git-common-dir [4ms]
2024-01-23 05:17:30.784 [info] Open repository: /home/git-katas-user/exercise
2024-01-23 05:17:30.785 [info] > git config --get commit.template [7ms]
2024-01-23 05:17:30.785 [info] No remotes found in the git config file.
2024-01-23 05:17:30.785 [info] > git rev-parse --show-toplevel [14ms]
2024-01-23 05:17:30.785 [info] > git for-each-ref --format=%(refname)%00%(upstream:short)%00%(objectname)%00%(upstream:track)%00%(upstream:remotename)%00%(upstream:remoteref) refs/heads/master refs/remotes/master [12ms]
2024-01-23 05:17:30.785 [info] > git rev-parse --show-toplevel [14ms]
2024-01-23 05:17:30.785 [info] > git status -z -uall [12ms]
2024-01-23 05:17:30.815 [info] > git config --get commit.template [22ms]
2024-01-23 05:17:30.821 [info] No remotes found in the git config file.
2024-01-23 05:17:30.871 [info] > git for-each-ref --format=%(refname)%00%(upstream:short)%00%(objectname)%00%(upstream:track)%00%(upstream:remotename)%00%(upstream:remoteref) refs/heads/master refs/remotes/master [50ms]
2024-01-23 05:17:30.883 [info] > git status -z -uall [4ms]
2024-01-23 05:17:31.392 [info] > git check-ignore -v -z --stdin [3ms]
2024-01-23 05:17:32.651 [info] No remotes found in the git config file.
2024-01-23 05:17:32.652 [info] > git for-each-ref --format=%(refname)%00%(upstream:short)%00%(objectname)%00%(upstream:track)%00%(upstream:remotename)%00%(upstream:remoteref) refs/heads/master refs/remotes/master [2ms]
2024-01-23 05:17:32.653 [info] > git config --get commit.template [7ms]
2024-01-23 05:17:32.659 [info] > git status -z -uall [1ms]
