2024-01-23 05:08:50.730 [info] Log level: Info
2024-01-23 05:08:50.730 [info] Validating found git in: "git"
2024-01-23 05:08:50.730 [info] Using git "2.43.0" from "git"
2024-01-23 05:08:50.730 [info] > git rev-parse --show-toplevel [4ms]
2024-01-23 05:08:50.730 [info] > git rev-parse --git-dir --git-common-dir [2ms]
2024-01-23 05:08:50.730 [info] Open repository: /home/git-katas-user/exercise
2024-01-23 05:08:50.730 [info] > git config --get commit.template [11ms]
2024-01-23 05:08:50.730 [info] No remotes found in the git config file.
2024-01-23 05:08:50.730 [info] > git rev-parse --show-toplevel [12ms]
2024-01-23 05:08:50.730 [info] fatal: detected dubious ownership in repository at '/home/git-katas-user/exercise/exercise'
To add an exception for this directory, call:

	git config --global --add safe.directory /home/git-katas-user/exercise/exercise
2024-01-23 05:08:50.730 [info] > git for-each-ref --format=%(refname)%00%(upstream:short)%00%(objectname)%00%(upstream:track)%00%(upstream:remotename)%00%(upstream:remoteref) refs/heads/master refs/remotes/master [11ms]
2024-01-23 05:08:50.730 [info] > git status -z -uall [11ms]
2024-01-23 05:08:50.738 [info] No remotes found in the git config file.
2024-01-23 05:08:50.739 [info] > git config --get commit.template [9ms]
2024-01-23 05:08:50.780 [info] > git for-each-ref --format=%(refname)%00%(upstream:short)%00%(objectname)%00%(upstream:track)%00%(upstream:remotename)%00%(upstream:remoteref) refs/heads/master refs/remotes/master [43ms]
2024-01-23 05:08:50.793 [info] > git status -z -uall [7ms]
2024-01-23 05:08:51.297 [info] > git check-ignore -v -z --stdin [1ms]
2024-01-23 05:08:56.078 [info] > git check-ignore -v -z --stdin [1ms]
2024-01-23 05:10:14.825 [info] > git check-ignore -v -z --stdin [2ms]
