2024-01-23 05:07:16.986 [info] Extension host with pid 353 started
2024-01-23 05:07:17.023 [info] Lock '/home/git-katas-user/.local/share/code-server/User/workspaceStorage/-7bf826ed/vscode.lock': Lock acquired.
2024-01-23 05:07:17.152 [info] ExtensionService#_doActivateExtension vscode.git-base, startup: true, activationEvent: '*', root cause: vscode.git
2024-01-23 05:07:17.278 [info] ExtensionService#_doActivateExtension vscode.git, startup: true, activationEvent: '*'
2024-01-23 05:07:17.279 [info] ExtensionService#_doActivateExtension vscode.github, startup: true, activationEvent: '*'
2024-01-23 05:07:17.618 [info] Eager extensions activated
2024-01-23 05:07:17.618 [info] ExtensionService#_doActivateExtension vscode.debug-auto-launch, startup: false, activationEvent: 'onStartupFinished'
2024-01-23 05:07:17.619 [info] ExtensionService#_doActivateExtension vscode.merge-conflict, startup: false, activationEvent: 'onStartupFinished'
2024-01-23 05:08:42.074 [info] Extension host terminating: received terminate message from renderer
2024-01-23 05:08:42.074 [info] Lock '/home/git-katas-user/.local/share/code-server/User/workspaceStorage/-7bf826ed/vscode.lock': Marking the lockfile as scheduled to be released in 6000 ms.
2024-01-23 05:08:42.103 [error] Canceled: Canceled
	at new f (/usr/lib/code-server/lib/vscode/out/vs/workbench/api/node/extensionHostProcess.js:141:110225)
	at l.U (/usr/lib/code-server/lib/vscode/out/vs/workbench/api/node/extensionHostProcess.js:150:10834)
	at O.<computed>.U.charCodeAt.O.<computed> (/usr/lib/code-server/lib/vscode/out/vs/workbench/api/node/extensionHostProcess.js:150:8285)
	at c.g (/usr/lib/code-server/lib/vscode/out/vs/workbench/api/node/extensionHostProcess.js:141:140291)
	at c.executeCommand (/usr/lib/code-server/lib/vscode/out/vs/workbench/api/node/extensionHostProcess.js:141:139715)
	at j.registerCommand.description (/usr/lib/code-server/lib/vscode/out/vs/workbench/api/node/extensionHostProcess.js:141:139025)
	at c.h (/usr/lib/code-server/lib/vscode/out/vs/workbench/api/node/extensionHostProcess.js:141:140830)
	at c.g (/usr/lib/code-server/lib/vscode/out/vs/workbench/api/node/extensionHostProcess.js:141:139815)
	at c.executeCommand (/usr/lib/code-server/lib/vscode/out/vs/workbench/api/node/extensionHostProcess.js:141:139715)
	at Object.executeCommand (/usr/lib/code-server/lib/vscode/out/vs/workbench/api/node/extensionHostProcess.js:158:21301)
	at g.I [as value] (/usr/lib/code-server/lib/vscode/extensions/git/dist/main.js:2:924696)
	at i.y (/usr/lib/code-server/lib/vscode/out/vs/workbench/api/node/extensionHostProcess.js:80:1918)
	at i.z (/usr/lib/code-server/lib/vscode/out/vs/workbench/api/node/extensionHostProcess.js:80:1988)
	at i.fire (/usr/lib/code-server/lib/vscode/out/vs/workbench/api/node/extensionHostProcess.js:80:2204)
	at Object.m [as dispose] (/usr/lib/code-server/lib/vscode/extensions/git/dist/main.js:2:940613)
	at /usr/lib/code-server/lib/vscode/extensions/git/dist/main.js:2:945566
	at Array.forEach (<anonymous>)
	at p.dispose (/usr/lib/code-server/lib/vscode/extensions/git/dist/main.js:2:945552)
	at r.<anonymous> (/usr/lib/code-server/lib/vscode/out/vs/workbench/api/node/extensionHostProcess.js:137:4386)
	at r.dispose (/usr/lib/code-server/lib/vscode/out/vs/workbench/api/node/extensionHostProcess.js:137:4521)
	at r.<anonymous> (/usr/lib/code-server/lib/vscode/extensions/git/dist/main.js:2:926708)
	at r.dispose (/usr/lib/code-server/lib/vscode/out/vs/workbench/api/node/extensionHostProcess.js:137:4521)
	at o (/usr/lib/code-server/lib/vscode/out/vs/workbench/api/node/extensionHostProcess.js:30:760)
	at n.cb (/usr/lib/code-server/lib/vscode/out/vs/workbench/api/node/extensionHostProcess.js:154:10665)
	at /usr/lib/code-server/lib/vscode/out/vs/workbench/api/node/extensionHostProcess.js:154:8554
	at Array.map (<anonymous>)
	at n.Y (/usr/lib/code-server/lib/vscode/out/vs/workbench/api/node/extensionHostProcess.js:154:8542)
	at n.terminate (/usr/lib/code-server/lib/vscode/out/vs/workbench/api/node/extensionHostProcess.js:154:8815)
	at o.terminate (/usr/lib/code-server/lib/vscode/out/vs/workbench/api/node/extensionHostProcess.js:158:1513)
	at t (/usr/lib/code-server/lib/vscode/out/vs/workbench/api/node/extensionHostProcess.js:171:9809)
	at g.value (/usr/lib/code-server/lib/vscode/out/vs/workbench/api/node/extensionHostProcess.js:171:7855)
	at i.y (/usr/lib/code-server/lib/vscode/out/vs/workbench/api/node/extensionHostProcess.js:80:1918)
	at i.fire (/usr/lib/code-server/lib/vscode/out/vs/workbench/api/node/extensionHostProcess.js:80:2135)
	at s.fire (/usr/lib/code-server/lib/vscode/out/vs/workbench/api/node/extensionHostProcess.js:92:14057)
	at d.z (/usr/lib/code-server/lib/vscode/out/vs/workbench/api/node/extensionHostProcess.js:92:17102)
	at g.value (/usr/lib/code-server/lib/vscode/out/vs/workbench/api/node/extensionHostProcess.js:92:15554)
	at i.y (/usr/lib/code-server/lib/vscode/out/vs/workbench/api/node/extensionHostProcess.js:80:1918)
	at i.fire (/usr/lib/code-server/lib/vscode/out/vs/workbench/api/node/extensionHostProcess.js:80:2135)
	at g.acceptChunk (/usr/lib/code-server/lib/vscode/out/vs/workbench/api/node/extensionHostProcess.js:92:11831)
	at g.value (/usr/lib/code-server/lib/vscode/out/vs/workbench/api/node/extensionHostProcess.js:92:11118)
	at i.y (/usr/lib/code-server/lib/vscode/out/vs/workbench/api/node/extensionHostProcess.js:80:1918)
	at i.fire (/usr/lib/code-server/lib/vscode/out/vs/workbench/api/node/extensionHostProcess.js:80:2135)
	at i.z (/usr/lib/code-server/lib/vscode/out/vs/workbench/api/node/extensionHostProcess.js:168:19496) setContext undefined
2024-01-23 05:08:42.104 [error] Canceled: Canceled
	at new f (/usr/lib/code-server/lib/vscode/out/vs/workbench/api/node/extensionHostProcess.js:141:110225)
	at l.U (/usr/lib/code-server/lib/vscode/out/vs/workbench/api/node/extensionHostProcess.js:150:10834)
	at O.<computed>.U.charCodeAt.O.<computed> (/usr/lib/code-server/lib/vscode/out/vs/workbench/api/node/extensionHostProcess.js:150:8285)
	at c.g (/usr/lib/code-server/lib/vscode/out/vs/workbench/api/node/extensionHostProcess.js:141:140291)
	at c.executeCommand (/usr/lib/code-server/lib/vscode/out/vs/workbench/api/node/extensionHostProcess.js:141:139715)
	at j.registerCommand.description (/usr/lib/code-server/lib/vscode/out/vs/workbench/api/node/extensionHostProcess.js:141:139025)
	at c.h (/usr/lib/code-server/lib/vscode/out/vs/workbench/api/node/extensionHostProcess.js:141:140830)
	at c.g (/usr/lib/code-server/lib/vscode/out/vs/workbench/api/node/extensionHostProcess.js:141:139815)
	at c.executeCommand (/usr/lib/code-server/lib/vscode/out/vs/workbench/api/node/extensionHostProcess.js:141:139715)
	at Object.executeCommand (/usr/lib/code-server/lib/vscode/out/vs/workbench/api/node/extensionHostProcess.js:158:21301)
	at set b [as b] (/usr/lib/code-server/lib/vscode/extensions/github/dist/extension.js:2:322364)
	at /usr/lib/code-server/lib/vscode/extensions/github/dist/extension.js:2:323005
	at g.value (/usr/lib/code-server/lib/vscode/extensions/git/dist/main.js:2:1016450)
	at i.y (/usr/lib/code-server/lib/vscode/out/vs/workbench/api/node/extensionHostProcess.js:80:1918)
	at i.z (/usr/lib/code-server/lib/vscode/out/vs/workbench/api/node/extensionHostProcess.js:80:1988)
	at i.fire (/usr/lib/code-server/lib/vscode/out/vs/workbench/api/node/extensionHostProcess.js:80:2204)
	at Object.m [as dispose] (/usr/lib/code-server/lib/vscode/extensions/git/dist/main.js:2:940613)
	at /usr/lib/code-server/lib/vscode/extensions/git/dist/main.js:2:945566
	at Array.forEach (<anonymous>)
	at p.dispose (/usr/lib/code-server/lib/vscode/extensions/git/dist/main.js:2:945552)
	at r.<anonymous> (/usr/lib/code-server/lib/vscode/out/vs/workbench/api/node/extensionHostProcess.js:137:4386)
	at r.dispose (/usr/lib/code-server/lib/vscode/out/vs/workbench/api/node/extensionHostProcess.js:137:4521)
	at r.<anonymous> (/usr/lib/code-server/lib/vscode/extensions/git/dist/main.js:2:926708)
	at r.dispose (/usr/lib/code-server/lib/vscode/out/vs/workbench/api/node/extensionHostProcess.js:137:4521)
	at o (/usr/lib/code-server/lib/vscode/out/vs/workbench/api/node/extensionHostProcess.js:30:760)
	at n.cb (/usr/lib/code-server/lib/vscode/out/vs/workbench/api/node/extensionHostProcess.js:154:10665)
	at /usr/lib/code-server/lib/vscode/out/vs/workbench/api/node/extensionHostProcess.js:154:8554
	at Array.map (<anonymous>)
	at n.Y (/usr/lib/code-server/lib/vscode/out/vs/workbench/api/node/extensionHostProcess.js:154:8542)
	at n.terminate (/usr/lib/code-server/lib/vscode/out/vs/workbench/api/node/extensionHostProcess.js:154:8815)
	at o.terminate (/usr/lib/code-server/lib/vscode/out/vs/workbench/api/node/extensionHostProcess.js:158:1513)
	at t (/usr/lib/code-server/lib/vscode/out/vs/workbench/api/node/extensionHostProcess.js:171:9809)
	at g.value (/usr/lib/code-server/lib/vscode/out/vs/workbench/api/node/extensionHostProcess.js:171:7855)
	at i.y (/usr/lib/code-server/lib/vscode/out/vs/workbench/api/node/extensionHostProcess.js:80:1918)
	at i.fire (/usr/lib/code-server/lib/vscode/out/vs/workbench/api/node/extensionHostProcess.js:80:2135)
	at s.fire (/usr/lib/code-server/lib/vscode/out/vs/workbench/api/node/extensionHostProcess.js:92:14057)
	at d.z (/usr/lib/code-server/lib/vscode/out/vs/workbench/api/node/extensionHostProcess.js:92:17102)
	at g.value (/usr/lib/code-server/lib/vscode/out/vs/workbench/api/node/extensionHostProcess.js:92:15554)
	at i.y (/usr/lib/code-server/lib/vscode/out/vs/workbench/api/node/extensionHostProcess.js:80:1918)
	at i.fire (/usr/lib/code-server/lib/vscode/out/vs/workbench/api/node/extensionHostProcess.js:80:2135)
	at g.acceptChunk (/usr/lib/code-server/lib/vscode/out/vs/workbench/api/node/extensionHostProcess.js:92:11831)
	at g.value (/usr/lib/code-server/lib/vscode/out/vs/workbench/api/node/extensionHostProcess.js:92:11118)
	at i.y (/usr/lib/code-server/lib/vscode/out/vs/workbench/api/node/extensionHostProcess.js:80:1918)
	at i.fire (/usr/lib/code-server/lib/vscode/out/vs/workbench/api/node/extensionHostProcess.js:80:2135)
	at i.z (/usr/lib/code-server/lib/vscode/out/vs/workbench/api/node/extensionHostProcess.js:168:19496) setContext undefined
2024-01-23 05:08:42.104 [info] Extension host with pid 353 exiting with code 0
